<?xml version="1.0" encoding="UTF-8"?>
<testng-results ignored="0" total="1" passed="1" failed="0" skipped="0">
  <reporter-output>
  </reporter-output>
  <suite started-at="2021-05-28T16:28:54 IST" name="Default Suite" finished-at="2021-05-28T16:29:49 IST" duration-ms="55408">
    <groups>
    </groups>
    <test started-at="2021-05-28T16:28:54 IST" name="Amz_Web_App_Automation" finished-at="2021-05-28T16:29:49 IST" duration-ms="55408">
      <class name="com.bridgelabz.testcase.Test_object_properties_method">
        <test-method is-config="true" signature="load_log4j()[pri:0, instance:com.bridgelabz.testcase.Test_object_properties_method@45dd4eda]" started-at="2021-05-28T16:28:54 IST" name="load_log4j" finished-at="2021-05-28T16:28:54 IST" duration-ms="277" status="PASS">
          <reporter-output>
          </reporter-output>
        </test-method> <!-- load_log4j -->
        <test-method is-config="true" signature="setup()[pri:0, instance:com.bridgelabz.testcase.Test_object_properties_method@45dd4eda]" started-at="2021-05-28T16:28:54 IST" name="setup" finished-at="2021-05-28T16:29:23 IST" duration-ms="28668" status="PASS">
          <reporter-output>
          </reporter-output>
        </test-method> <!-- setup -->
        <test-method signature="verify_login_Page()[pri:0, instance:com.bridgelabz.testcase.Test_object_properties_method@45dd4eda]" started-at="2021-05-28T16:29:23 IST" name="verify_login_Page" finished-at="2021-05-28T16:29:44 IST" duration-ms="21313" status="PASS">
          <reporter-output>
          </reporter-output>
        </test-method> <!-- verify_login_Page -->
        <test-method is-config="true" signature="teardown()[pri:0, instance:com.bridgelabz.testcase.Test_object_properties_method@45dd4eda]" started-at="2021-05-28T16:29:44 IST" name="teardown" finished-at="2021-05-28T16:29:49 IST" duration-ms="4972" status="PASS">
          <reporter-output>
          </reporter-output>
        </test-method> <!-- teardown -->
      </class> <!-- com.bridgelabz.testcase.Test_object_properties_method -->
    </test> <!-- Amz_Web_App_Automation -->
  </suite> <!-- Default Suite -->
</testng-results>
